# JRE version: Java(TM) SE Runtime Environment (20.0.1+9) (build 20.0.1+9-29)
# Java VM: Java HotSpot(TM) 64-Bit Server VM (20.0.1+9-29, mixed mode, sharing, tiered, compressed oops, compressed class ptrs, g1 gc, windows-amd64)
GC Precious Log:
 CardTable entry size: 512
 Card Set container configuration: InlinePtr #cards 5 size 8 Array Of Cards #cards 12 size 40 Howl #buckets 4 coarsen threshold 1843 Howl Bitmap #cards 512 size 80 coarsen threshold 460 Card regions per heap region 1 cards per card region 2048
 CPUs: 4 total, 4 available
 Memory: 3900M
 Large Page Support: Disabled
 NUMA Support: Disabled
 Compressed Oops: Enabled (32-bit)
 Heap Region Size: 1M
 Heap Min Capacity: 8M
 Heap Initial Capacity: 62M
 Heap Max Capacity: 976M
 Pre-touch: Disabled
 Parallel Workers: 4
 Concurrent Workers: 1
 Concurrent Refinement Workers: 4
 Periodic GC: Disabled
Heap:
 garbage-first heap   total 48128K, used 23149K [0x00000000c3000000, 0x0000000100000000)
  region size 1024K, 12 young (12288K), 2 survivors (2048K)
 Metaspace       used 23073K, committed 23488K, reserved 1114112K
  class space    used 2863K, committed 3072K, reserved 1048576K
GC Heap History (10 events):
Event: 3.254 GC heap before
{Heap before GC invocations=0 (full 0):
 garbage-first heap   total 63488K, used 13312K [0x00000000c3000000, 0x0000000100000000)
  region size 1024K, 13 young (13312K), 0 survivors (0K)
 Metaspace       used 3462K, committed 3648K, reserved 1114112K
  class space    used 353K, committed 448K, reserved 1048576K
}
Event: 3.332 GC heap after
{Heap after GC invocations=1 (full 0):
 garbage-first heap   total 63488K, used 6272K [0x00000000c3000000, 0x0000000100000000)
  region size 1024K, 2 young (2048K), 2 survivors (2048K)
 Metaspace       used 3462K, committed 3648K, reserved 1114112K
  class space    used 353K, committed 448K, reserved 1048576K
}
Event: 4.953 GC heap before
{Heap before GC invocations=1 (full 0):
 garbage-first heap   total 63488K, used 18560K [0x00000000c3000000, 0x0000000100000000)
  region size 1024K, 14 young (14336K), 2 survivors (2048K)
 Metaspace       used 7174K, committed 7424K, reserved 1114112K
  class space    used 853K, committed 960K, reserved 1048576K
}
Event: 4.958 GC heap after
{Heap after GC invocations=2 (full 0):
 garbage-first heap   total 63488K, used 7561K [0x00000000c3000000, 0x0000000100000000)
  region size 1024K, 2 young (2048K), 2 survivors (2048K)
 Metaspace       used 7174K, committed 7424K, reserved 1114112K
  class space    used 853K, committed 960K, reserved 1048576K
}
Event: 6.023 GC heap before
{Heap before GC invocations=2 (full 0):
 garbage-first heap   total 63488K, used 31113K [0x00000000c3000000, 0x0000000100000000)
  region size 1024K, 26 young (26624K), 2 survivors (2048K)
 Metaspace       used 14038K, committed 14336K, reserved 1114112K
  class space    used 1654K, committed 1792K, reserved 1048576K
}
Event: 6.029 GC heap after
{Heap after GC invocations=3 (full 0):
 garbage-first heap   total 63488K, used 9476K [0x00000000c3000000, 0x0000000100000000)
  region size 1024K, 4 young (4096K), 4 survivors (4096K)
 Metaspace       used 14038K, committed 14336K, reserved 1114112K
  class space    used 1654K, committed 1792K, reserved 1048576K
}
Event: 9.428 GC heap before
{Heap before GC invocations=3 (full 0):
 garbage-first heap   total 63488K, used 42244K [0x00000000c3000000, 0x0000000100000000)
  region size 1024K, 37 young (37888K), 4 survivors (4096K)
 Metaspace       used 19071K, committed 19392K, reserved 1114112K
  class space    used 2268K, committed 2432K, reserved 1048576K
}
Event: 9.438 GC heap after
{Heap after GC invocations=4 (full 0):
 garbage-first heap   total 63488K, used 12513K [0x00000000c3000000, 0x0000000100000000)
  region size 1024K, 5 young (5120K), 5 survivors (5120K)
 Metaspace       used 19071K, committed 19392K, reserved 1114112K
  class space    used 2268K, committed 2432K, reserved 1048576K
}
Event: 11.091 GC heap before
{Heap before GC invocations=4 (full 0):
 garbage-first heap   total 63488K, used 24801K [0x00000000c3000000, 0x0000000100000000)
  region size 1024K, 18 young (18432K), 5 survivors (5120K)
 Metaspace       used 21171K, committed 21504K, reserved 1114112K
  class space    used 2577K, committed 2752K, reserved 1048576K
}
Event: 11.111 GC heap after
{Heap after GC invocations=5 (full 0):
 garbage-first heap   total 63488K, used 13933K [0x00000000c3000000, 0x0000000100000000)
  region size 1024K, 2 young (2048K), 2 survivors (2048K)
 Metaspace       used 21171K, committed 21504K, reserved 1114112K
  class space    used 2577K, committed 2752K, reserved 1048576K
}

